<?xml version="1.0" encoding="UTF-8"?>
<testsuite xmlns:xsi="http://www.w3.org/2001/XMLSchema-instance" xsi:noNamespaceSchemaLocation="https://maven.apache.org/surefire/maven-surefire-plugin/xsd/surefire-test-report-3.0.xsd" version="3.0" name="com.mentorme.ApplicationTests" time="8.763" tests="1" errors="0" skipped="0" failures="0">
  <properties>
[...]
</properties>
  <testcase name="contextLoads" classname="com.mentorme.ApplicationTests" time="0.932">
    <system-out><![CDATA[16:19:05.673 [main] INFO org.springframework.test.context.support.AnnotationConfigContextLoaderUtils -- Could not detect default configuration classes for test class [com.mentorme.ApplicationTests]: ApplicationTests does not declare any static, non-private, non-final, nested classes annotated with @Configuration.
16:19:05.829 [main] INFO org.springframework.boot.test.context.SpringBootTestContextBootstrapper -- Found @SpringBootConfiguration com.mentorme.Application for test class com.mentorme.ApplicationTests
16:19:06.067 [main] INFO org.springframework.boot.devtools.restart.RestartApplicationListener -- Restart disabled due to context in which it is running

  .   ____          _            __ _ _
 /\\ / ___'_ __ _ _(_)_ __  __ _ \ \ \ \
( ( )\___ | '_ | '_| | '_ \/ _` | \ \ \ \
 \\/  ___)| |_)| | | | | || (_| |  ) ) ) )
  '  |____| .__|_| |_|_| |_\__, | / / / /
 =========|_|==============|___/=/_/_/_/
 :: Spring Boot ::                (v3.2.4)

2024-04-09T16:19:06.428+05:30  INFO 2196 --- [mentorme] [           main] com.mentorme.ApplicationTests            : Starting ApplicationTests using Java 21 with PID 2196 (started by naveenreddy in /Users/naveenreddy/SpringBoot/org.mentorme)
2024-04-09T16:19:06.430+05:30  INFO 2196 --- [mentorme] [           main] com.mentorme.ApplicationTests            : No active profile set, falling back to 1 default profile: "default"
2024-04-09T16:19:07.493+05:30  INFO 2196 --- [mentorme] [           main] .s.d.r.c.RepositoryConfigurationDelegate : Bootstrapping Spring Data JPA repositories in DEFAULT mode.
2024-04-09T16:19:07.599+05:30  INFO 2196 --- [mentorme] [           main] .s.d.r.c.RepositoryConfigurationDelegate : Finished Spring Data repository scanning in 88 ms. Found 2 JPA repository interfaces.
2024-04-09T16:19:08.306+05:30  INFO 2196 --- [mentorme] [           main] o.hibernate.jpa.internal.util.LogHelper  : HHH000204: Processing PersistenceUnitInfo [name: default]
2024-04-09T16:19:08.383+05:30  INFO 2196 --- [mentorme] [           main] org.hibernate.Version                    : HHH000412: Hibernate ORM core version 6.4.4.Final
2024-04-09T16:19:08.431+05:30  INFO 2196 --- [mentorme] [           main] o.h.c.internal.RegionFactoryInitiator    : HHH000026: Second-level cache disabled
2024-04-09T16:19:08.793+05:30  INFO 2196 --- [mentorme] [           main] o.s.o.j.p.SpringPersistenceUnitInfo      : No LoadTimeWeaver setup: ignoring JPA class transformer
2024-04-09T16:19:08.838+05:30  INFO 2196 --- [mentorme] [           main] com.zaxxer.hikari.HikariDataSource       : HikariPool-1 - Starting...
2024-04-09T16:19:09.409+05:30  INFO 2196 --- [mentorme] [           main] com.zaxxer.hikari.pool.HikariPool        : HikariPool-1 - Added connection com.mysql.cj.jdbc.ConnectionImpl@5c573229
2024-04-09T16:19:09.411+05:30  INFO 2196 --- [mentorme] [           main] com.zaxxer.hikari.HikariDataSource       : HikariPool-1 - Start completed.
2024-04-09T16:19:09.494+05:30  WARN 2196 --- [mentorme] [           main] org.hibernate.orm.deprecation            : HHH90000025: MySQLDialect does not need to be specified explicitly using 'hibernate.dialect' (remove the property setting and it will be selected by default)
2024-04-09T16:19:10.717+05:30  INFO 2196 --- [mentorme] [           main] o.h.e.t.j.p.i.JtaPlatformInitiator       : HHH000489: No JTA platform available (set 'hibernate.transaction.jta.platform' to enable JTA platform integration)
2024-04-09T16:19:10.999+05:30  INFO 2196 --- [mentorme] [           main] j.LocalContainerEntityManagerFactoryBean : Initialized JPA EntityManagerFactory for persistence unit 'default'
2024-04-09T16:19:11.587+05:30  INFO 2196 --- [mentorme] [           main] o.s.d.j.r.query.QueryEnhancerFactory     : Hibernate is in classpath; If applicable, HQL parser will be used.
2024-04-09T16:19:12.315+05:30  WARN 2196 --- [mentorme] [           main] JpaBaseConfiguration$JpaWebConfiguration : spring.jpa.open-in-view is enabled by default. Therefore, database queries may be performed during view rendering. Explicitly configure spring.jpa.open-in-view to disable this warning
2024-04-09T16:19:12.340+05:30  WARN 2196 --- [mentorme] [           main] .s.s.UserDetailsServiceAutoConfiguration : 

Using generated security password: 5dfebd6b-0b98-4651-bceb-9e2d85054b03

This generated password is for development use only. Your security configuration must be updated before running your application in production.

2024-04-09T16:19:12.779+05:30  INFO 2196 --- [mentorme] [           main] o.s.s.web.DefaultSecurityFilterChain     : Will secure any request with [org.springframework.security.web.session.DisableEncodeUrlFilter@c6c5b66, org.springframework.security.web.context.request.async.WebAsyncManagerIntegrationFilter@2f803d8, org.springframework.security.web.context.SecurityContextHolderFilter@1098c1b1, org.springframework.security.web.header.HeaderWriterFilter@8cc5602, org.springframework.web.filter.CorsFilter@68c06a2, org.springframework.security.web.authentication.logout.LogoutFilter@37edb7fa, org.springframework.security.web.savedrequest.RequestCacheAwareFilter@344db28d, org.springframework.security.web.servletapi.SecurityContextHolderAwareRequestFilter@4420f4d4, org.springframework.security.web.authentication.AnonymousAuthenticationFilter@5a95090a, org.springframework.security.web.session.SessionManagementFilter@3c251258, org.springframework.security.web.access.ExceptionTranslationFilter@35ec675e, org.springframework.security.web.access.intercept.AuthorizationFilter@2005d3e0]
2024-04-09T16:19:13.217+05:30  INFO 2196 --- [mentorme] [           main] com.mentorme.ApplicationTests            : Started ApplicationTests in 7.165 seconds (process running for 8.664)
]]></system-out>
    <system-err><![CDATA[WARNING: A Java agent has been loaded dynamically (/Users/naveenreddy/.m2/repository/net/bytebuddy/byte-buddy-agent/1.14.12/byte-buddy-agent-1.14.12.jar)
WARNING: If a serviceability tool is in use, please run with -XX:+EnableDynamicAgentLoading to hide this warning
WARNING: If a serviceability tool is not in use, please run with -Djdk.instrument.traceUsage for more information
WARNING: Dynamic loading of agents will be disallowed by default in a future release
]]></system-err>
  </testcase>
</testsuite>